2025-01-12T16:08:36.654+01:00  INFO 9648 --- [restartedMain] e.i.d.DamfilmsServerApplication          : Starting DamfilmsServerApplication using Java 17.0.10 with PID 9648 (C:\Users\Usuario\Desktop\Clase\Programación_de_servicios_y_Procesos\Proyectos\Damfilms\target\classes started by Virgi in C:\Users\Usuario\Desktop\Clase\Programación_de_servicios_y_Procesos\Proyectos\Damfilms)
2025-01-12T16:08:36.658+01:00 DEBUG 9648 --- [restartedMain] e.i.d.DamfilmsServerApplication          : Running with Spring Boot v3.4.1, Spring v6.2.1
2025-01-12T16:08:36.660+01:00  INFO 9648 --- [restartedMain] e.i.d.DamfilmsServerApplication          : No active profile set, falling back to 1 default profile: "default"
2025-01-12T16:08:36.768+01:00  INFO 9648 --- [restartedMain] .e.DevToolsPropertyDefaultsPostProcessor : Devtools property defaults active! Set 'spring.devtools.add-properties' to 'false' to disable
2025-01-12T16:08:36.768+01:00  INFO 9648 --- [restartedMain] .e.DevToolsPropertyDefaultsPostProcessor : For additional web related logging consider setting the 'logging.level.web' property to 'DEBUG'
2025-01-12T16:08:38.170+01:00  INFO 9648 --- [restartedMain] .s.d.r.c.RepositoryConfigurationDelegate : Multiple Spring Data modules found, entering strict repository configuration mode
2025-01-12T16:08:38.173+01:00  INFO 9648 --- [restartedMain] .s.d.r.c.RepositoryConfigurationDelegate : Bootstrapping Spring Data JDBC repositories in DEFAULT mode.
2025-01-12T16:08:38.283+01:00  INFO 9648 --- [restartedMain] .RepositoryConfigurationExtensionSupport : Spring Data JDBC - Could not safely identify store assignment for repository candidate interface es.iesjandula.damfilms_server.repositories.IConfiguracionRepository; If you want this repository to be a JDBC repository, consider annotating your entities with one of these annotations: org.springframework.data.relational.core.mapping.Table.
2025-01-12T16:08:38.288+01:00  INFO 9648 --- [restartedMain] .RepositoryConfigurationExtensionSupport : Spring Data JDBC - Could not safely identify store assignment for repository candidate interface es.iesjandula.damfilms_server.repositories.IDocumentalRepository; If you want this repository to be a JDBC repository, consider annotating your entities with one of these annotations: org.springframework.data.relational.core.mapping.Table.
2025-01-12T16:08:38.293+01:00  INFO 9648 --- [restartedMain] .RepositoryConfigurationExtensionSupport : Spring Data JDBC - Could not safely identify store assignment for repository candidate interface es.iesjandula.damfilms_server.repositories.IDocumentalVisualizadoRepository; If you want this repository to be a JDBC repository, consider annotating your entities with one of these annotations: org.springframework.data.relational.core.mapping.Table.
2025-01-12T16:08:38.298+01:00  INFO 9648 --- [restartedMain] .RepositoryConfigurationExtensionSupport : Spring Data JDBC - Could not safely identify store assignment for repository candidate interface es.iesjandula.damfilms_server.repositories.IEpisodioRepository; If you want this repository to be a JDBC repository, consider annotating your entities with one of these annotations: org.springframework.data.relational.core.mapping.Table.
2025-01-12T16:08:38.302+01:00  INFO 9648 --- [restartedMain] .RepositoryConfigurationExtensionSupport : Spring Data JDBC - Could not safely identify store assignment for repository candidate interface es.iesjandula.damfilms_server.repositories.IGeneroRepository; If you want this repository to be a JDBC repository, consider annotating your entities with one of these annotations: org.springframework.data.relational.core.mapping.Table.
2025-01-12T16:08:38.305+01:00  INFO 9648 --- [restartedMain] .RepositoryConfigurationExtensionSupport : Spring Data JDBC - Could not safely identify store assignment for repository candidate interface es.iesjandula.damfilms_server.repositories.IModoRepository; If you want this repository to be a JDBC repository, consider annotating your entities with one of these annotations: org.springframework.data.relational.core.mapping.Table.
2025-01-12T16:08:38.309+01:00  INFO 9648 --- [restartedMain] .RepositoryConfigurationExtensionSupport : Spring Data JDBC - Could not safely identify store assignment for repository candidate interface es.iesjandula.damfilms_server.repositories.IPeliculaRepository; If you want this repository to be a JDBC repository, consider annotating your entities with one of these annotations: org.springframework.data.relational.core.mapping.Table.
2025-01-12T16:08:38.312+01:00  INFO 9648 --- [restartedMain] .RepositoryConfigurationExtensionSupport : Spring Data JDBC - Could not safely identify store assignment for repository candidate interface es.iesjandula.damfilms_server.repositories.IPeliculaVisualizadaRepository; If you want this repository to be a JDBC repository, consider annotating your entities with one of these annotations: org.springframework.data.relational.core.mapping.Table.
2025-01-12T16:08:38.314+01:00  INFO 9648 --- [restartedMain] .RepositoryConfigurationExtensionSupport : Spring Data JDBC - Could not safely identify store assignment for repository candidate interface es.iesjandula.damfilms_server.repositories.IRoleRepository; If you want this repository to be a JDBC repository, consider annotating your entities with one of these annotations: org.springframework.data.relational.core.mapping.Table.
2025-01-12T16:08:38.316+01:00  INFO 9648 --- [restartedMain] .RepositoryConfigurationExtensionSupport : Spring Data JDBC - Could not safely identify store assignment for repository candidate interface es.iesjandula.damfilms_server.repositories.ISerieRepository; If you want this repository to be a JDBC repository, consider annotating your entities with one of these annotations: org.springframework.data.relational.core.mapping.Table.
2025-01-12T16:08:38.323+01:00  INFO 9648 --- [restartedMain] .RepositoryConfigurationExtensionSupport : Spring Data JDBC - Could not safely identify store assignment for repository candidate interface es.iesjandula.damfilms_server.repositories.ISerieVisualizadaRepository; If you want this repository to be a JDBC repository, consider annotating your entities with one of these annotations: org.springframework.data.relational.core.mapping.Table.
2025-01-12T16:08:38.329+01:00  INFO 9648 --- [restartedMain] .RepositoryConfigurationExtensionSupport : Spring Data JDBC - Could not safely identify store assignment for repository candidate interface es.iesjandula.damfilms_server.repositories.ITemporadaRepository; If you want this repository to be a JDBC repository, consider annotating your entities with one of these annotations: org.springframework.data.relational.core.mapping.Table.
2025-01-12T16:08:38.334+01:00  INFO 9648 --- [restartedMain] .RepositoryConfigurationExtensionSupport : Spring Data JDBC - Could not safely identify store assignment for repository candidate interface es.iesjandula.damfilms_server.repositories.IUserRoleRepository; If you want this repository to be a JDBC repository, consider annotating your entities with one of these annotations: org.springframework.data.relational.core.mapping.Table.
2025-01-12T16:08:38.340+01:00  INFO 9648 --- [restartedMain] .RepositoryConfigurationExtensionSupport : Spring Data JDBC - Could not safely identify store assignment for repository candidate interface es.iesjandula.damfilms_server.repositories.IUsuarioRepository; If you want this repository to be a JDBC repository, consider annotating your entities with one of these annotations: org.springframework.data.relational.core.mapping.Table.
2025-01-12T16:08:38.342+01:00  INFO 9648 --- [restartedMain] .s.d.r.c.RepositoryConfigurationDelegate : Finished Spring Data repository scanning in 154 ms. Found 0 JDBC repository interfaces.
2025-01-12T16:08:38.370+01:00  INFO 9648 --- [restartedMain] .s.d.r.c.RepositoryConfigurationDelegate : Multiple Spring Data modules found, entering strict repository configuration mode
2025-01-12T16:08:38.373+01:00  INFO 9648 --- [restartedMain] .s.d.r.c.RepositoryConfigurationDelegate : Bootstrapping Spring Data JPA repositories in DEFAULT mode.
2025-01-12T16:08:38.498+01:00  INFO 9648 --- [restartedMain] .s.d.r.c.RepositoryConfigurationDelegate : Finished Spring Data repository scanning in 114 ms. Found 14 JPA repository interfaces.
2025-01-12T16:08:39.329+01:00  INFO 9648 --- [restartedMain] o.hibernate.jpa.internal.util.LogHelper  : HHH000204: Processing PersistenceUnitInfo [name: default]
2025-01-12T16:08:39.433+01:00  INFO 9648 --- [restartedMain] org.hibernate.Version                    : HHH000412: Hibernate ORM core version 6.6.4.Final
2025-01-12T16:08:39.508+01:00  INFO 9648 --- [restartedMain] o.h.c.internal.RegionFactoryInitiator    : HHH000026: Second-level cache disabled
2025-01-12T16:08:40.123+01:00  INFO 9648 --- [restartedMain] o.s.o.j.p.SpringPersistenceUnitInfo      : No LoadTimeWeaver setup: ignoring JPA class transformer
2025-01-12T16:08:40.176+01:00  INFO 9648 --- [restartedMain] com.zaxxer.hikari.HikariDataSource       : HikariPool-1 - Starting...
2025-01-12T16:08:40.604+01:00  INFO 9648 --- [restartedMain] com.zaxxer.hikari.pool.HikariPool        : HikariPool-1 - Added connection com.mysql.cj.jdbc.ConnectionImpl@a79b8b5
2025-01-12T16:08:40.607+01:00  INFO 9648 --- [restartedMain] com.zaxxer.hikari.HikariDataSource       : HikariPool-1 - Start completed.
2025-01-12T16:08:40.739+01:00  INFO 9648 --- [restartedMain] org.hibernate.orm.connections.pooling    : HHH10001005: Database info:
	Database JDBC URL [Connecting through datasource 'HikariDataSource (HikariPool-1)']
	Database driver: undefined/unknown
	Database version: 8.0.28
	Autocommit mode: undefined/unknown
	Isolation level: undefined/unknown
	Minimum pool size: undefined/unknown
	Maximum pool size: undefined/unknown
2025-01-12T16:08:42.344+01:00  INFO 9648 --- [restartedMain] o.h.e.t.j.p.i.JtaPlatformInitiator       : HHH000489: No JTA platform available (set 'hibernate.transaction.jta.platform' to enable JTA platform integration)
2025-01-12T16:08:42.527+01:00  INFO 9648 --- [restartedMain] j.LocalContainerEntityManagerFactoryBean : Initialized JPA EntityManagerFactory for persistence unit 'default'
2025-01-12T16:08:43.049+01:00  INFO 9648 --- [restartedMain] o.s.d.j.r.query.QueryEnhancerFactory     : Hibernate is in classpath; If applicable, HQL parser will be used.
2025-01-12T16:08:44.276+01:00  INFO 9648 --- [restartedMain] o.s.b.w.embedded.tomcat.TomcatWebServer  : Tomcat initialized with port 8080 (http)
2025-01-12T16:08:44.304+01:00  INFO 9648 --- [restartedMain] o.apache.catalina.core.StandardService   : Starting service [Tomcat]
2025-01-12T16:08:44.305+01:00  INFO 9648 --- [restartedMain] o.apache.catalina.core.StandardEngine    : Starting Servlet engine: [Apache Tomcat/10.1.34]
2025-01-12T16:08:44.416+01:00  INFO 9648 --- [restartedMain] o.a.c.c.C.[Tomcat].[localhost].[/]       : Initializing Spring embedded WebApplicationContext
2025-01-12T16:08:44.417+01:00  INFO 9648 --- [restartedMain] w.s.c.ServletWebServerApplicationContext : Root WebApplicationContext: initialization completed in 7648 ms
2025-01-12T16:08:44.964+01:00  WARN 9648 --- [restartedMain] JpaBaseConfiguration$JpaWebConfiguration : spring.jpa.open-in-view is enabled by default. Therefore, database queries may be performed during view rendering. Explicitly configure spring.jpa.open-in-view to disable this warning
2025-01-12T16:08:45.019+01:00  INFO 9648 --- [restartedMain] eAuthenticationProviderManagerConfigurer : Global AuthenticationManager configured with AuthenticationProvider bean with name authenticationProvider
2025-01-12T16:08:45.020+01:00  WARN 9648 --- [restartedMain] r$InitializeUserDetailsManagerConfigurer : Global AuthenticationManager configured with an AuthenticationProvider bean. UserDetailsService beans will not be used by Spring Security for automatically configuring username/password login. Consider removing the AuthenticationProvider bean. Alternatively, consider using the UserDetailsService in a manually instantiated DaoAuthenticationProvider. If the current configuration is intentional, to turn off this warning, increase the logging level of 'org.springframework.security.config.annotation.authentication.configuration.InitializeUserDetailsBeanManagerConfigurer' to ERROR
2025-01-12T16:08:46.139+01:00  INFO 9648 --- [restartedMain] o.s.b.d.a.OptionalLiveReloadServer       : LiveReload server is running on port 35729
2025-01-12T16:08:46.191+01:00  INFO 9648 --- [restartedMain] o.s.b.w.embedded.tomcat.TomcatWebServer  : Tomcat started on port 8080 (http) with context path '/'
2025-01-12T16:08:46.207+01:00  INFO 9648 --- [restartedMain] e.i.d.DamfilmsServerApplication          : Started DamfilmsServerApplication in 10.194 seconds (process running for 10.814)
2025-01-12T16:09:32.581+01:00  INFO 9648 --- [http-nio-8080-exec-1] o.a.c.c.C.[Tomcat].[localhost].[/]       : Initializing Spring DispatcherServlet 'dispatcherServlet'
2025-01-12T16:09:32.581+01:00  INFO 9648 --- [http-nio-8080-exec-1] o.s.web.servlet.DispatcherServlet        : Initializing Servlet 'dispatcherServlet'
2025-01-12T16:09:32.583+01:00  INFO 9648 --- [http-nio-8080-exec-1] o.s.web.servlet.DispatcherServlet        : Completed initialization in 2 ms
2025-01-12T16:41:36.440+01:00  INFO 9648 --- [File Watcher] rtingClassPathChangeChangedEventListener : Restarting due to 1 class path change (0 additions, 0 deletions, 1 modification)
2025-01-12T16:41:36.454+01:00  INFO 9648 --- [Thread-5] o.s.b.w.e.tomcat.GracefulShutdown        : Commencing graceful shutdown. Waiting for active requests to complete
2025-01-12T16:41:36.648+01:00  INFO 9648 --- [tomcat-shutdown] o.s.b.w.e.tomcat.GracefulShutdown        : Graceful shutdown complete
2025-01-12T16:41:36.652+01:00  INFO 9648 --- [Thread-5] j.LocalContainerEntityManagerFactoryBean : Closing JPA EntityManagerFactory for persistence unit 'default'
2025-01-12T16:41:36.657+01:00  INFO 9648 --- [Thread-5] com.zaxxer.hikari.HikariDataSource       : HikariPool-1 - Shutdown initiated...
2025-01-12T16:41:36.667+01:00  INFO 9648 --- [Thread-5] com.zaxxer.hikari.HikariDataSource       : HikariPool-1 - Shutdown completed.
2025-01-12T16:41:36.818+01:00  INFO 9648 --- [restartedMain] e.i.d.DamfilmsServerApplication          : Starting DamfilmsServerApplication using Java 17.0.10 with PID 9648 (C:\Users\Usuario\Desktop\Clase\Programación_de_servicios_y_Procesos\Proyectos\Damfilms\target\classes started by Virgi in C:\Users\Usuario\Desktop\Clase\Programación_de_servicios_y_Procesos\Proyectos\Damfilms)
2025-01-12T16:41:36.818+01:00 DEBUG 9648 --- [restartedMain] e.i.d.DamfilmsServerApplication          : Running with Spring Boot v3.4.1, Spring v6.2.1
2025-01-12T16:41:36.818+01:00  INFO 9648 --- [restartedMain] e.i.d.DamfilmsServerApplication          : No active profile set, falling back to 1 default profile: "default"
2025-01-12T16:41:37.118+01:00  INFO 9648 --- [restartedMain] .s.d.r.c.RepositoryConfigurationDelegate : Multiple Spring Data modules found, entering strict repository configuration mode
2025-01-12T16:41:37.119+01:00  INFO 9648 --- [restartedMain] .s.d.r.c.RepositoryConfigurationDelegate : Bootstrapping Spring Data JDBC repositories in DEFAULT mode.
2025-01-12T16:41:37.136+01:00  INFO 9648 --- [restartedMain] .RepositoryConfigurationExtensionSupport : Spring Data JDBC - Could not safely identify store assignment for repository candidate interface es.iesjandula.damfilms_server.repositories.IConfiguracionRepository; If you want this repository to be a JDBC repository, consider annotating your entities with one of these annotations: org.springframework.data.relational.core.mapping.Table.
2025-01-12T16:41:37.139+01:00  INFO 9648 --- [restartedMain] .RepositoryConfigurationExtensionSupport : Spring Data JDBC - Could not safely identify store assignment for repository candidate interface es.iesjandula.damfilms_server.repositories.IDocumentalRepository; If you want this repository to be a JDBC repository, consider annotating your entities with one of these annotations: org.springframework.data.relational.core.mapping.Table.
2025-01-12T16:41:37.141+01:00  INFO 9648 --- [restartedMain] .RepositoryConfigurationExtensionSupport : Spring Data JDBC - Could not safely identify store assignment for repository candidate interface es.iesjandula.damfilms_server.repositories.IDocumentalVisualizadoRepository; If you want this repository to be a JDBC repository, consider annotating your entities with one of these annotations: org.springframework.data.relational.core.mapping.Table.
2025-01-12T16:41:37.146+01:00  INFO 9648 --- [restartedMain] .RepositoryConfigurationExtensionSupport : Spring Data JDBC - Could not safely identify store assignment for repository candidate interface es.iesjandula.damfilms_server.repositories.IEpisodioRepository; If you want this repository to be a JDBC repository, consider annotating your entities with one of these annotations: org.springframework.data.relational.core.mapping.Table.
2025-01-12T16:41:37.149+01:00  INFO 9648 --- [restartedMain] .RepositoryConfigurationExtensionSupport : Spring Data JDBC - Could not safely identify store assignment for repository candidate interface es.iesjandula.damfilms_server.repositories.IGeneroRepository; If you want this repository to be a JDBC repository, consider annotating your entities with one of these annotations: org.springframework.data.relational.core.mapping.Table.
2025-01-12T16:41:37.150+01:00  INFO 9648 --- [restartedMain] .RepositoryConfigurationExtensionSupport : Spring Data JDBC - Could not safely identify store assignment for repository candidate interface es.iesjandula.damfilms_server.repositories.IModoRepository; If you want this repository to be a JDBC repository, consider annotating your entities with one of these annotations: org.springframework.data.relational.core.mapping.Table.
2025-01-12T16:41:37.153+01:00  INFO 9648 --- [restartedMain] .RepositoryConfigurationExtensionSupport : Spring Data JDBC - Could not safely identify store assignment for repository candidate interface es.iesjandula.damfilms_server.repositories.IPeliculaRepository; If you want this repository to be a JDBC repository, consider annotating your entities with one of these annotations: org.springframework.data.relational.core.mapping.Table.
2025-01-12T16:41:37.155+01:00  INFO 9648 --- [restartedMain] .RepositoryConfigurationExtensionSupport : Spring Data JDBC - Could not safely identify store assignment for repository candidate interface es.iesjandula.damfilms_server.repositories.IPeliculaVisualizadaRepository; If you want this repository to be a JDBC repository, consider annotating your entities with one of these annotations: org.springframework.data.relational.core.mapping.Table.
2025-01-12T16:41:37.157+01:00  INFO 9648 --- [restartedMain] .RepositoryConfigurationExtensionSupport : Spring Data JDBC - Could not safely identify store assignment for repository candidate interface es.iesjandula.damfilms_server.repositories.IRoleRepository; If you want this repository to be a JDBC repository, consider annotating your entities with one of these annotations: org.springframework.data.relational.core.mapping.Table.
2025-01-12T16:41:37.161+01:00  INFO 9648 --- [restartedMain] .RepositoryConfigurationExtensionSupport : Spring Data JDBC - Could not safely identify store assignment for repository candidate interface es.iesjandula.damfilms_server.repositories.ISerieRepository; If you want this repository to be a JDBC repository, consider annotating your entities with one of these annotations: org.springframework.data.relational.core.mapping.Table.
2025-01-12T16:41:37.166+01:00  INFO 9648 --- [restartedMain] .RepositoryConfigurationExtensionSupport : Spring Data JDBC - Could not safely identify store assignment for repository candidate interface es.iesjandula.damfilms_server.repositories.ISerieVisualizadaRepository; If you want this repository to be a JDBC repository, consider annotating your entities with one of these annotations: org.springframework.data.relational.core.mapping.Table.
2025-01-12T16:41:37.168+01:00  INFO 9648 --- [restartedMain] .RepositoryConfigurationExtensionSupport : Spring Data JDBC - Could not safely identify store assignment for repository candidate interface es.iesjandula.damfilms_server.repositories.ITemporadaRepository; If you want this repository to be a JDBC repository, consider annotating your entities with one of these annotations: org.springframework.data.relational.core.mapping.Table.
2025-01-12T16:41:37.171+01:00  INFO 9648 --- [restartedMain] .RepositoryConfigurationExtensionSupport : Spring Data JDBC - Could not safely identify store assignment for repository candidate interface es.iesjandula.damfilms_server.repositories.IUserRoleRepository; If you want this repository to be a JDBC repository, consider annotating your entities with one of these annotations: org.springframework.data.relational.core.mapping.Table.
2025-01-12T16:41:37.179+01:00  INFO 9648 --- [restartedMain] .RepositoryConfigurationExtensionSupport : Spring Data JDBC - Could not safely identify store assignment for repository candidate interface es.iesjandula.damfilms_server.repositories.IUsuarioRepository; If you want this repository to be a JDBC repository, consider annotating your entities with one of these annotations: org.springframework.data.relational.core.mapping.Table.
2025-01-12T16:41:37.179+01:00  INFO 9648 --- [restartedMain] .s.d.r.c.RepositoryConfigurationDelegate : Finished Spring Data repository scanning in 57 ms. Found 0 JDBC repository interfaces.
2025-01-12T16:41:37.186+01:00  INFO 9648 --- [restartedMain] .s.d.r.c.RepositoryConfigurationDelegate : Multiple Spring Data modules found, entering strict repository configuration mode
2025-01-12T16:41:37.187+01:00  INFO 9648 --- [restartedMain] .s.d.r.c.RepositoryConfigurationDelegate : Bootstrapping Spring Data JPA repositories in DEFAULT mode.
2025-01-12T16:41:37.261+01:00  INFO 9648 --- [restartedMain] .s.d.r.c.RepositoryConfigurationDelegate : Finished Spring Data repository scanning in 72 ms. Found 14 JPA repository interfaces.
2025-01-12T16:41:37.469+01:00  INFO 9648 --- [restartedMain] o.hibernate.jpa.internal.util.LogHelper  : HHH000204: Processing PersistenceUnitInfo [name: default]
2025-01-12T16:41:37.472+01:00  INFO 9648 --- [restartedMain] o.h.c.internal.RegionFactoryInitiator    : HHH000026: Second-level cache disabled
2025-01-12T16:41:37.490+01:00  INFO 9648 --- [restartedMain] o.s.o.j.p.SpringPersistenceUnitInfo      : No LoadTimeWeaver setup: ignoring JPA class transformer
2025-01-12T16:41:37.492+01:00  INFO 9648 --- [restartedMain] com.zaxxer.hikari.HikariDataSource       : HikariPool-2 - Starting...
2025-01-12T16:41:37.519+01:00  INFO 9648 --- [restartedMain] com.zaxxer.hikari.pool.HikariPool        : HikariPool-2 - Added connection com.mysql.cj.jdbc.ConnectionImpl@73c83e30
2025-01-12T16:41:37.520+01:00  INFO 9648 --- [restartedMain] com.zaxxer.hikari.HikariDataSource       : HikariPool-2 - Start completed.
2025-01-12T16:41:37.522+01:00  INFO 9648 --- [restartedMain] org.hibernate.orm.connections.pooling    : HHH10001005: Database info:
	Database JDBC URL [Connecting through datasource 'HikariDataSource (HikariPool-2)']
	Database driver: undefined/unknown
	Database version: 8.0.28
	Autocommit mode: undefined/unknown
	Isolation level: undefined/unknown
	Minimum pool size: undefined/unknown
	Maximum pool size: undefined/unknown
2025-01-12T16:41:37.791+01:00  INFO 9648 --- [restartedMain] o.h.e.t.j.p.i.JtaPlatformInitiator       : HHH000489: No JTA platform available (set 'hibernate.transaction.jta.platform' to enable JTA platform integration)
2025-01-12T16:41:37.918+01:00  INFO 9648 --- [restartedMain] j.LocalContainerEntityManagerFactoryBean : Initialized JPA EntityManagerFactory for persistence unit 'default'
2025-01-12T16:41:38.087+01:00  INFO 9648 --- [restartedMain] o.s.b.w.embedded.tomcat.TomcatWebServer  : Tomcat initialized with port 8080 (http)
2025-01-12T16:41:38.088+01:00  INFO 9648 --- [restartedMain] o.apache.catalina.core.StandardService   : Starting service [Tomcat]
2025-01-12T16:41:38.089+01:00  INFO 9648 --- [restartedMain] o.apache.catalina.core.StandardEngine    : Starting Servlet engine: [Apache Tomcat/10.1.34]
2025-01-12T16:41:38.123+01:00  INFO 9648 --- [restartedMain] o.a.c.c.C.[Tomcat].[localhost].[/]       : Initializing Spring embedded WebApplicationContext
2025-01-12T16:41:38.123+01:00  INFO 9648 --- [restartedMain] w.s.c.ServletWebServerApplicationContext : Root WebApplicationContext: initialization completed in 1303 ms
2025-01-12T16:41:38.351+01:00  WARN 9648 --- [restartedMain] JpaBaseConfiguration$JpaWebConfiguration : spring.jpa.open-in-view is enabled by default. Therefore, database queries may be performed during view rendering. Explicitly configure spring.jpa.open-in-view to disable this warning
2025-01-12T16:41:38.369+01:00  INFO 9648 --- [restartedMain] eAuthenticationProviderManagerConfigurer : Global AuthenticationManager configured with AuthenticationProvider bean with name authenticationProvider
2025-01-12T16:41:38.370+01:00  WARN 9648 --- [restartedMain] r$InitializeUserDetailsManagerConfigurer : Global AuthenticationManager configured with an AuthenticationProvider bean. UserDetailsService beans will not be used by Spring Security for automatically configuring username/password login. Consider removing the AuthenticationProvider bean. Alternatively, consider using the UserDetailsService in a manually instantiated DaoAuthenticationProvider. If the current configuration is intentional, to turn off this warning, increase the logging level of 'org.springframework.security.config.annotation.authentication.configuration.InitializeUserDetailsBeanManagerConfigurer' to ERROR
2025-01-12T16:41:38.571+01:00  INFO 9648 --- [restartedMain] o.s.b.d.a.OptionalLiveReloadServer       : LiveReload server is running on port 35729
2025-01-12T16:41:38.589+01:00  INFO 9648 --- [restartedMain] o.s.b.w.embedded.tomcat.TomcatWebServer  : Tomcat started on port 8080 (http) with context path '/'
2025-01-12T16:41:38.598+01:00  INFO 9648 --- [restartedMain] e.i.d.DamfilmsServerApplication          : Started DamfilmsServerApplication in 1.821 seconds (process running for 1983.205)
2025-01-12T16:41:38.795+01:00  INFO 9648 --- [restartedMain] .ConditionEvaluationDeltaLoggingListener : Condition evaluation unchanged
2025-01-12T16:41:59.839+01:00  INFO 8504 --- [restartedMain] e.i.d.DamfilmsServerApplication          : Starting DamfilmsServerApplication using Java 17.0.10 with PID 8504 (C:\Users\Usuario\Desktop\Clase\Programación_de_servicios_y_Procesos\Proyectos\Damfilms\target\classes started by Virgi in C:\Users\Usuario\Desktop\Clase\Programación_de_servicios_y_Procesos\Proyectos\Damfilms)
2025-01-12T16:41:59.842+01:00 DEBUG 8504 --- [restartedMain] e.i.d.DamfilmsServerApplication          : Running with Spring Boot v3.4.1, Spring v6.2.1
2025-01-12T16:41:59.844+01:00  INFO 8504 --- [restartedMain] e.i.d.DamfilmsServerApplication          : No active profile set, falling back to 1 default profile: "default"
2025-01-12T16:41:59.943+01:00  INFO 8504 --- [restartedMain] .e.DevToolsPropertyDefaultsPostProcessor : Devtools property defaults active! Set 'spring.devtools.add-properties' to 'false' to disable
2025-01-12T16:41:59.944+01:00  INFO 8504 --- [restartedMain] .e.DevToolsPropertyDefaultsPostProcessor : For additional web related logging consider setting the 'logging.level.web' property to 'DEBUG'
2025-01-12T16:42:01.015+01:00  INFO 8504 --- [restartedMain] .s.d.r.c.RepositoryConfigurationDelegate : Multiple Spring Data modules found, entering strict repository configuration mode
2025-01-12T16:42:01.017+01:00  INFO 8504 --- [restartedMain] .s.d.r.c.RepositoryConfigurationDelegate : Bootstrapping Spring Data JDBC repositories in DEFAULT mode.
2025-01-12T16:42:01.100+01:00  INFO 8504 --- [restartedMain] .RepositoryConfigurationExtensionSupport : Spring Data JDBC - Could not safely identify store assignment for repository candidate interface es.iesjandula.damfilms_server.repositories.IConfiguracionRepository; If you want this repository to be a JDBC repository, consider annotating your entities with one of these annotations: org.springframework.data.relational.core.mapping.Table.
2025-01-12T16:42:01.105+01:00  INFO 8504 --- [restartedMain] .RepositoryConfigurationExtensionSupport : Spring Data JDBC - Could not safely identify store assignment for repository candidate interface es.iesjandula.damfilms_server.repositories.IDocumentalRepository; If you want this repository to be a JDBC repository, consider annotating your entities with one of these annotations: org.springframework.data.relational.core.mapping.Table.
2025-01-12T16:42:01.109+01:00  INFO 8504 --- [restartedMain] .RepositoryConfigurationExtensionSupport : Spring Data JDBC - Could not safely identify store assignment for repository candidate interface es.iesjandula.damfilms_server.repositories.IDocumentalVisualizadoRepository; If you want this repository to be a JDBC repository, consider annotating your entities with one of these annotations: org.springframework.data.relational.core.mapping.Table.
2025-01-12T16:42:01.114+01:00  INFO 8504 --- [restartedMain] .RepositoryConfigurationExtensionSupport : Spring Data JDBC - Could not safely identify store assignment for repository candidate interface es.iesjandula.damfilms_server.repositories.IEpisodioRepository; If you want this repository to be a JDBC repository, consider annotating your entities with one of these annotations: org.springframework.data.relational.core.mapping.Table.
2025-01-12T16:42:01.117+01:00  INFO 8504 --- [restartedMain] .RepositoryConfigurationExtensionSupport : Spring Data JDBC - Could not safely identify store assignment for repository candidate interface es.iesjandula.damfilms_server.repositories.IGeneroRepository; If you want this repository to be a JDBC repository, consider annotating your entities with one of these annotations: org.springframework.data.relational.core.mapping.Table.
2025-01-12T16:42:01.120+01:00  INFO 8504 --- [restartedMain] .RepositoryConfigurationExtensionSupport : Spring Data JDBC - Could not safely identify store assignment for repository candidate interface es.iesjandula.damfilms_server.repositories.IModoRepository; If you want this repository to be a JDBC repository, consider annotating your entities with one of these annotations: org.springframework.data.relational.core.mapping.Table.
2025-01-12T16:42:01.124+01:00  INFO 8504 --- [restartedMain] .RepositoryConfigurationExtensionSupport : Spring Data JDBC - Could not safely identify store assignment for repository candidate interface es.iesjandula.damfilms_server.repositories.IPeliculaRepository; If you want this repository to be a JDBC repository, consider annotating your entities with one of these annotations: org.springframework.data.relational.core.mapping.Table.
2025-01-12T16:42:01.129+01:00  INFO 8504 --- [restartedMain] .RepositoryConfigurationExtensionSupport : Spring Data JDBC - Could not safely identify store assignment for repository candidate interface es.iesjandula.damfilms_server.repositories.IPeliculaVisualizadaRepository; If you want this repository to be a JDBC repository, consider annotating your entities with one of these annotations: org.springframework.data.relational.core.mapping.Table.
2025-01-12T16:42:01.133+01:00  INFO 8504 --- [restartedMain] .RepositoryConfigurationExtensionSupport : Spring Data JDBC - Could not safely identify store assignment for repository candidate interface es.iesjandula.damfilms_server.repositories.IRoleRepository; If you want this repository to be a JDBC repository, consider annotating your entities with one of these annotations: org.springframework.data.relational.core.mapping.Table.
2025-01-12T16:42:01.135+01:00  INFO 8504 --- [restartedMain] .RepositoryConfigurationExtensionSupport : Spring Data JDBC - Could not safely identify store assignment for repository candidate interface es.iesjandula.damfilms_server.repositories.ISerieRepository; If you want this repository to be a JDBC repository, consider annotating your entities with one of these annotations: org.springframework.data.relational.core.mapping.Table.
2025-01-12T16:42:01.140+01:00  INFO 8504 --- [restartedMain] .RepositoryConfigurationExtensionSupport : Spring Data JDBC - Could not safely identify store assignment for repository candidate interface es.iesjandula.damfilms_server.repositories.ISerieVisualizadaRepository; If you want this repository to be a JDBC repository, consider annotating your entities with one of these annotations: org.springframework.data.relational.core.mapping.Table.
2025-01-12T16:42:01.145+01:00  INFO 8504 --- [restartedMain] .RepositoryConfigurationExtensionSupport : Spring Data JDBC - Could not safely identify store assignment for repository candidate interface es.iesjandula.damfilms_server.repositories.ITemporadaRepository; If you want this repository to be a JDBC repository, consider annotating your entities with one of these annotations: org.springframework.data.relational.core.mapping.Table.
2025-01-12T16:42:01.148+01:00  INFO 8504 --- [restartedMain] .RepositoryConfigurationExtensionSupport : Spring Data JDBC - Could not safely identify store assignment for repository candidate interface es.iesjandula.damfilms_server.repositories.IUserRoleRepository; If you want this repository to be a JDBC repository, consider annotating your entities with one of these annotations: org.springframework.data.relational.core.mapping.Table.
2025-01-12T16:42:01.152+01:00  INFO 8504 --- [restartedMain] .RepositoryConfigurationExtensionSupport : Spring Data JDBC - Could not safely identify store assignment for repository candidate interface es.iesjandula.damfilms_server.repositories.IUsuarioRepository; If you want this repository to be a JDBC repository, consider annotating your entities with one of these annotations: org.springframework.data.relational.core.mapping.Table.
2025-01-12T16:42:01.155+01:00  INFO 8504 --- [restartedMain] .s.d.r.c.RepositoryConfigurationDelegate : Finished Spring Data repository scanning in 126 ms. Found 0 JDBC repository interfaces.
2025-01-12T16:42:01.178+01:00  INFO 8504 --- [restartedMain] .s.d.r.c.RepositoryConfigurationDelegate : Multiple Spring Data modules found, entering strict repository configuration mode
2025-01-12T16:42:01.180+01:00  INFO 8504 --- [restartedMain] .s.d.r.c.RepositoryConfigurationDelegate : Bootstrapping Spring Data JPA repositories in DEFAULT mode.
2025-01-12T16:42:01.291+01:00  INFO 8504 --- [restartedMain] .s.d.r.c.RepositoryConfigurationDelegate : Finished Spring Data repository scanning in 97 ms. Found 14 JPA repository interfaces.
2025-01-12T16:42:02.135+01:00  INFO 8504 --- [restartedMain] o.hibernate.jpa.internal.util.LogHelper  : HHH000204: Processing PersistenceUnitInfo [name: default]
2025-01-12T16:42:02.225+01:00  INFO 8504 --- [restartedMain] org.hibernate.Version                    : HHH000412: Hibernate ORM core version 6.6.4.Final
2025-01-12T16:42:02.294+01:00  INFO 8504 --- [restartedMain] o.h.c.internal.RegionFactoryInitiator    : HHH000026: Second-level cache disabled
2025-01-12T16:42:02.727+01:00  INFO 8504 --- [restartedMain] o.s.o.j.p.SpringPersistenceUnitInfo      : No LoadTimeWeaver setup: ignoring JPA class transformer
2025-01-12T16:42:02.788+01:00  INFO 8504 --- [restartedMain] com.zaxxer.hikari.HikariDataSource       : HikariPool-1 - Starting...
2025-01-12T16:42:03.239+01:00  INFO 8504 --- [restartedMain] com.zaxxer.hikari.pool.HikariPool        : HikariPool-1 - Added connection com.mysql.cj.jdbc.ConnectionImpl@25e24de9
2025-01-12T16:42:03.243+01:00  INFO 8504 --- [restartedMain] com.zaxxer.hikari.HikariDataSource       : HikariPool-1 - Start completed.
2025-01-12T16:42:03.366+01:00  INFO 8504 --- [restartedMain] org.hibernate.orm.connections.pooling    : HHH10001005: Database info:
	Database JDBC URL [Connecting through datasource 'HikariDataSource (HikariPool-1)']
	Database driver: undefined/unknown
	Database version: 8.0.28
	Autocommit mode: undefined/unknown
	Isolation level: undefined/unknown
	Minimum pool size: undefined/unknown
	Maximum pool size: undefined/unknown
2025-01-12T16:42:04.722+01:00  INFO 8504 --- [restartedMain] o.h.e.t.j.p.i.JtaPlatformInitiator       : HHH000489: No JTA platform available (set 'hibernate.transaction.jta.platform' to enable JTA platform integration)
2025-01-12T16:42:08.762+01:00  INFO 8504 --- [restartedMain] j.LocalContainerEntityManagerFactoryBean : Initialized JPA EntityManagerFactory for persistence unit 'default'
2025-01-12T16:42:09.210+01:00  INFO 8504 --- [restartedMain] o.s.d.j.r.query.QueryEnhancerFactory     : Hibernate is in classpath; If applicable, HQL parser will be used.
2025-01-12T16:42:10.496+01:00  INFO 8504 --- [restartedMain] o.s.b.w.embedded.tomcat.TomcatWebServer  : Tomcat initialized with port 8080 (http)
2025-01-12T16:42:10.525+01:00  INFO 8504 --- [restartedMain] o.apache.catalina.core.StandardService   : Starting service [Tomcat]
2025-01-12T16:42:10.526+01:00  INFO 8504 --- [restartedMain] o.apache.catalina.core.StandardEngine    : Starting Servlet engine: [Apache Tomcat/10.1.34]
2025-01-12T16:42:10.613+01:00  INFO 8504 --- [restartedMain] o.a.c.c.C.[Tomcat].[localhost].[/]       : Initializing Spring embedded WebApplicationContext
2025-01-12T16:42:10.614+01:00  INFO 8504 --- [restartedMain] w.s.c.ServletWebServerApplicationContext : Root WebApplicationContext: initialization completed in 10670 ms
2025-01-12T16:42:11.148+01:00  WARN 8504 --- [restartedMain] JpaBaseConfiguration$JpaWebConfiguration : spring.jpa.open-in-view is enabled by default. Therefore, database queries may be performed during view rendering. Explicitly configure spring.jpa.open-in-view to disable this warning
2025-01-12T16:42:11.194+01:00  INFO 8504 --- [restartedMain] eAuthenticationProviderManagerConfigurer : Global AuthenticationManager configured with AuthenticationProvider bean with name authenticationProvider
2025-01-12T16:42:11.195+01:00  WARN 8504 --- [restartedMain] r$InitializeUserDetailsManagerConfigurer : Global AuthenticationManager configured with an AuthenticationProvider bean. UserDetailsService beans will not be used by Spring Security for automatically configuring username/password login. Consider removing the AuthenticationProvider bean. Alternatively, consider using the UserDetailsService in a manually instantiated DaoAuthenticationProvider. If the current configuration is intentional, to turn off this warning, increase the logging level of 'org.springframework.security.config.annotation.authentication.configuration.InitializeUserDetailsBeanManagerConfigurer' to ERROR
2025-01-12T16:42:12.207+01:00  INFO 8504 --- [restartedMain] o.s.b.d.a.OptionalLiveReloadServer       : LiveReload server is running on port 35729
2025-01-12T16:42:12.267+01:00  INFO 8504 --- [restartedMain] o.s.b.w.embedded.tomcat.TomcatWebServer  : Tomcat started on port 8080 (http) with context path '/'
2025-01-12T16:42:12.291+01:00  INFO 8504 --- [restartedMain] e.i.d.DamfilmsServerApplication          : Started DamfilmsServerApplication in 13.089 seconds (process running for 13.654)
2025-01-12T16:42:37.601+01:00  INFO 8504 --- [http-nio-8080-exec-1] o.a.c.c.C.[Tomcat].[localhost].[/]       : Initializing Spring DispatcherServlet 'dispatcherServlet'
2025-01-12T16:42:37.603+01:00  INFO 8504 --- [http-nio-8080-exec-1] o.s.web.servlet.DispatcherServlet        : Initializing Servlet 'dispatcherServlet'
2025-01-12T16:42:37.605+01:00  INFO 8504 --- [http-nio-8080-exec-1] o.s.web.servlet.DispatcherServlet        : Completed initialization in 1 ms
2025-01-12T16:42:41.459+01:00  INFO 8504 --- [http-nio-8080-exec-8] e.i.d.controller.DamfilsController       : Tipos enviados exitosamente: [PREMIUM, INVITADO]
